[debug] [2025-09-01T10:28:19.775Z] ----------------------------------------------------------------------
[debug] [2025-09-01T10:28:19.778Z] Command:       /opt/homebrew/Cellar/node/24.4.1/bin/node /opt/homebrew/bin/firebase init hosting
[debug] [2025-09-01T10:28:19.778Z] CLI Version:   14.15.1
[debug] [2025-09-01T10:28:19.778Z] Platform:      darwin
[debug] [2025-09-01T10:28:19.778Z] Node Version:  v24.4.1
[debug] [2025-09-01T10:28:19.778Z] Time:          Mon Sep 01 2025 12:28:19 GMT+0200 (Central European Summer Time)
[debug] [2025-09-01T10:28:19.778Z] ----------------------------------------------------------------------
[debug] 
[debug] [2025-09-01T10:28:19.873Z] > command requires scopes: ["email","openid","https://www.googleapis.com/auth/cloudplatformprojects.readonly","https://www.googleapis.com/auth/firebase","https://www.googleapis.com/auth/cloud-platform"]
[debug] [2025-09-01T10:28:19.873Z] > authorizing via signed-in user (kevin.laerte@novawize.com)
[info] 
     ######## #### ########  ######## ########     ###     ######  ########
     ##        ##  ##     ## ##       ##     ##  ##   ##  ##       ##
     ######    ##  ########  ######   ########  #########  ######  ######
     ##        ##  ##    ##  ##       ##     ## ##     ##       ## ##
     ##       #### ##     ## ######## ########  ##     ##  ######  ########

You're about to initialize a Firebase project in this directory:

  /Users/kevinlaerte/Development/Monizze/Mobility Budget/mobility-frontend

Before we get started, keep in mind:

  * You are initializing within an existing Firebase project directory

[info] 
=== Project Setup
[info] 
[info] First, let's associate this project directory with a Firebase project.
[info] You can create multiple project aliases by running firebase use --add, 
[info] but for now we'll just set up a default project.
[info] 
[debug] [2025-09-01T10:28:19.874Z] Using project from CLI flag: monizze-mobilitybudget
[debug] [2025-09-01T10:28:19.874Z] Checked if tokens are valid: false, expires at: 1756721937499
[debug] [2025-09-01T10:28:19.875Z] Checked if tokens are valid: false, expires at: 1756721937499
[debug] [2025-09-01T10:28:19.875Z] > refreshing access token with scopes: []
[debug] [2025-09-01T10:28:19.876Z] >>> [apiv2][query] POST https://www.googleapis.com/oauth2/v3/token [none]
[debug] [2025-09-01T10:28:19.876Z] >>> [apiv2][body] POST https://www.googleapis.com/oauth2/v3/token [omitted]
[debug] [2025-09-01T10:28:20.052Z] <<< [apiv2][status] POST https://www.googleapis.com/oauth2/v3/token 200
[debug] [2025-09-01T10:28:20.052Z] <<< [apiv2][body] POST https://www.googleapis.com/oauth2/v3/token [omitted]
[debug] [2025-09-01T10:28:20.061Z] >>> [apiv2][query] GET https://firebase.googleapis.com/v1beta1/projects/monizze-mobilitybudget [none]
[debug] [2025-09-01T10:28:20.833Z] <<< [apiv2][status] GET https://firebase.googleapis.com/v1beta1/projects/monizze-mobilitybudget 404
[debug] [2025-09-01T10:28:20.833Z] <<< [apiv2][body] GET https://firebase.googleapis.com/v1beta1/projects/monizze-mobilitybudget {"error":{"code":404,"message":"Requested entity was not found.","status":"NOT_FOUND"}}
[debug] [2025-09-01T10:28:20.833Z] Couldn't get project info from firedata for monizze-mobilitybudget, trying resource manager. Original error: FirebaseError: Request to https://firebase.googleapis.com/v1beta1/projects/monizze-mobilitybudget had HTTP Error: 404, Requested entity was not found.
[debug] [2025-09-01T10:28:20.834Z] Checked if tokens are valid: true, expires at: 1756726099052
[debug] [2025-09-01T10:28:20.834Z] Checked if tokens are valid: true, expires at: 1756726099052
[debug] [2025-09-01T10:28:20.834Z] >>> [apiv2][query] GET https://cloudresourcemanager.googleapis.com/v1/projects/monizze-mobilitybudget [none]
[debug] [2025-09-01T10:28:21.662Z] <<< [apiv2][status] GET https://cloudresourcemanager.googleapis.com/v1/projects/monizze-mobilitybudget 200
[debug] [2025-09-01T10:28:21.662Z] <<< [apiv2][body] GET https://cloudresourcemanager.googleapis.com/v1/projects/monizze-mobilitybudget {"projectNumber":"750365875206","projectId":"monizze-mobilitybudget","lifecycleState":"ACTIVE","name":"Monizze-MobilityBudget","createTime":"2025-07-15T13:13:41.240451Z","parent":{"type":"organization","id":"1002200849202"}}
[info] i  Using project monizze-mobilitybudget 
[info] 
=== Hosting Setup
[debug] [2025-09-01T10:28:21.856Z] Checked if tokens are valid: true, expires at: 1756726099052
[debug] [2025-09-01T10:28:21.856Z] Checked if tokens are valid: true, expires at: 1756726099052
[debug] [2025-09-01T10:28:21.856Z] >>> [apiv2][query] GET https://firebase.googleapis.com/v1beta1/projects/monizze-mobilitybudget [none]
[debug] [2025-09-01T10:28:22.303Z] <<< [apiv2][status] GET https://firebase.googleapis.com/v1beta1/projects/monizze-mobilitybudget 404
[debug] [2025-09-01T10:28:22.303Z] <<< [apiv2][body] GET https://firebase.googleapis.com/v1beta1/projects/monizze-mobilitybudget {"error":{"code":404,"message":"Requested entity was not found.","status":"NOT_FOUND"}}
[debug] [2025-09-01T10:28:22.303Z] Couldn't get project info from firedata for monizze-mobilitybudget, trying resource manager. Original error: FirebaseError: Request to https://firebase.googleapis.com/v1beta1/projects/monizze-mobilitybudget had HTTP Error: 404, Requested entity was not found.
[debug] [2025-09-01T10:28:22.303Z] Checked if tokens are valid: true, expires at: 1756726099052
[debug] [2025-09-01T10:28:22.303Z] Checked if tokens are valid: true, expires at: 1756726099052
[debug] [2025-09-01T10:28:22.304Z] >>> [apiv2][query] GET https://cloudresourcemanager.googleapis.com/v1/projects/monizze-mobilitybudget [none]
[debug] [2025-09-01T10:28:23.002Z] <<< [apiv2][status] GET https://cloudresourcemanager.googleapis.com/v1/projects/monizze-mobilitybudget 200
[debug] [2025-09-01T10:28:23.002Z] <<< [apiv2][body] GET https://cloudresourcemanager.googleapis.com/v1/projects/monizze-mobilitybudget {"projectNumber":"750365875206","projectId":"monizze-mobilitybudget","lifecycleState":"ACTIVE","name":"Monizze-MobilityBudget","createTime":"2025-07-15T13:13:41.240451Z","parent":{"type":"organization","id":"1002200849202"}}
[debug] [2025-09-01T10:28:23.002Z] the default site does not exist on the Firebase project; asking Hosting.
[debug] [2025-09-01T10:28:23.002Z] Checked if tokens are valid: true, expires at: 1756726099052
[debug] [2025-09-01T10:28:23.002Z] Checked if tokens are valid: true, expires at: 1756726099052
[debug] [2025-09-01T10:28:23.003Z] >>> [apiv2][query] GET https://firebasehosting.googleapis.com/v1beta1/projects/monizze-mobilitybudget/sites pageToken=&pageSize=10
[debug] [2025-09-01T10:28:24.380Z] <<< [apiv2][status] GET https://firebasehosting.googleapis.com/v1beta1/projects/monizze-mobilitybudget/sites 200
[debug] [2025-09-01T10:28:24.381Z] <<< [apiv2][body] GET https://firebasehosting.googleapis.com/v1beta1/projects/monizze-mobilitybudget/sites {}
[debug] [2025-09-01T10:28:30.040Z] Checked if tokens are valid: true, expires at: 1756726099052
[debug] [2025-09-01T10:28:30.040Z] Checked if tokens are valid: true, expires at: 1756726099052
[debug] [2025-09-01T10:28:30.040Z] >>> [apiv2][query] GET https://cloudresourcemanager.googleapis.com/v1/projects/monizze-mobilitybudget [none]
[debug] [2025-09-01T10:28:30.865Z] <<< [apiv2][status] GET https://cloudresourcemanager.googleapis.com/v1/projects/monizze-mobilitybudget 200
[debug] [2025-09-01T10:28:30.865Z] <<< [apiv2][body] GET https://cloudresourcemanager.googleapis.com/v1/projects/monizze-mobilitybudget {"projectNumber":"750365875206","projectId":"monizze-mobilitybudget","lifecycleState":"ACTIVE","name":"Monizze-MobilityBudget","createTime":"2025-07-15T13:13:41.240451Z","parent":{"type":"organization","id":"1002200849202"}}
[debug] [2025-09-01T10:28:30.866Z] Checked if tokens are valid: true, expires at: 1756726099052
[debug] [2025-09-01T10:28:30.866Z] Checked if tokens are valid: true, expires at: 1756726099052
[debug] [2025-09-01T10:28:30.866Z] >>> [apiv2][query] POST https://firebasehosting.googleapis.com/v1beta1/projects/750365875206/sites siteId=monizze-mobilitybudget&validateOnly=true
[debug] [2025-09-01T10:28:30.866Z] >>> [apiv2][body] POST https://firebasehosting.googleapis.com/v1beta1/projects/750365875206/sites {"appId":""}
[debug] [2025-09-01T10:28:31.915Z] <<< [apiv2][status] POST https://firebasehosting.googleapis.com/v1beta1/projects/750365875206/sites 200
[debug] [2025-09-01T10:28:31.915Z] <<< [apiv2][body] POST https://firebasehosting.googleapis.com/v1beta1/projects/750365875206/sites {"name":"projects/750365875206/sites/monizze-mobilitybudget","defaultUrl":"https://monizze-mobilitybudget.web.app","type":"DEFAULT_SITE"}
[debug] [2025-09-01T10:28:37.443Z] Checked if tokens are valid: true, expires at: 1756726099052
[debug] [2025-09-01T10:28:37.443Z] Checked if tokens are valid: true, expires at: 1756726099052
[debug] [2025-09-01T10:28:37.443Z] >>> [apiv2][query] POST https://firebasehosting.googleapis.com/v1beta1/projects/750365875206/sites siteId=monizze-mobilitybudget
[debug] [2025-09-01T10:28:37.443Z] >>> [apiv2][body] POST https://firebasehosting.googleapis.com/v1beta1/projects/750365875206/sites {"appId":""}
[debug] [2025-09-01T10:28:38.534Z] <<< [apiv2][status] POST https://firebasehosting.googleapis.com/v1beta1/projects/750365875206/sites 404
[debug] [2025-09-01T10:28:38.534Z] <<< [apiv2][body] POST https://firebasehosting.googleapis.com/v1beta1/projects/750365875206/sites {"error":{"code":404,"message":"Requested entity was not found.","status":"NOT_FOUND"}}
[warn] ⚠  Request to https://firebasehosting.googleapis.com/v1beta1/projects/750365875206/sites?siteId=monizze-mobilitybudget had HTTP Error: 404, Requested entity was not found. 
[debug] [2025-09-01T10:29:05.084Z] Checked if tokens are valid: true, expires at: 1756726099052
[debug] [2025-09-01T10:29:05.084Z] Checked if tokens are valid: true, expires at: 1756726099052
[debug] [2025-09-01T10:29:05.084Z] >>> [apiv2][query] POST https://firebasehosting.googleapis.com/v1beta1/projects/750365875206/sites siteId=monizze-tco-calculator
[debug] [2025-09-01T10:29:05.084Z] >>> [apiv2][body] POST https://firebasehosting.googleapis.com/v1beta1/projects/750365875206/sites {"appId":""}
[debug] [2025-09-01T10:29:06.088Z] <<< [apiv2][status] POST https://firebasehosting.googleapis.com/v1beta1/projects/750365875206/sites 404
[debug] [2025-09-01T10:29:06.088Z] <<< [apiv2][body] POST https://firebasehosting.googleapis.com/v1beta1/projects/750365875206/sites {"error":{"code":404,"message":"Requested entity was not found.","status":"NOT_FOUND"}}
[warn] ⚠  Request to https://firebasehosting.googleapis.com/v1beta1/projects/750365875206/sites?siteId=monizze-tco-calculator had HTTP Error: 404, Requested entity was not found. 
[debug] [2025-09-01T10:29:12.686Z] ExitPromptError: User force closed the prompt with SIGINT
    at Interface.sigint (/opt/homebrew/lib/node_modules/firebase-tools/node_modules/@inquirer/core/dist/commonjs/lib/create-prompt.js:101:37)
    at Interface.emit (node:events:507:28)
    at Interface.emit (node:domain:489:12)
    at [_ttyWrite] [as _ttyWrite] (node:internal/readline/interface:1315:18)
    at ReadStream.onkeypress (node:internal/readline/interface:284:20)
    at ReadStream.emit (node:events:519:35)
    at ReadStream.emit (node:domain:489:12)
    at emitKeys (node:internal/readline/utils:371:14)
    at emitKeys.next (<anonymous>)
    at ReadStream.onData (node:internal/readline/emitKeypressEvents:64:36)
[error] 
[error] Error: An unexpected error has occurred.
